DEBUG - 2025-12-17 11:56:47 --> Session: Class initialized using 'CodeIgniter\Session\Handlers\FileHandler' driver.
CRITICAL - 2025-12-17 11:56:47 --> Error: Call to undefined function validation_list_errors()
[Method: GET, Route: frontend/news/caffeination-yes]
in APPPATH/Views/backend/news/create.php on line 6.
 1 SYSTEMPATH/View/View.php(224): include()
 2 SYSTEMPATH/View/View.php(227): CodeIgniter\View\View->{closure:CodeIgniter\View\View::render():221}()
 3 SYSTEMPATH/Common.php(1173): CodeIgniter\View\View->render()
 4 APPPATH/Controllers/NewsController.php(42): view()
 5 SYSTEMPATH/CodeIgniter.php(933): App\Controllers\NewsController->show()
 6 SYSTEMPATH/CodeIgniter.php(507): CodeIgniter\CodeIgniter->runController()
 7 SYSTEMPATH/CodeIgniter.php(354): CodeIgniter\CodeIgniter->handleRequest()
 8 SYSTEMPATH/Boot.php(334): CodeIgniter\CodeIgniter->run()
 9 SYSTEMPATH/Boot.php(67): CodeIgniter\Boot::runCodeIgniter()
10 FCPATH/index.php(56): CodeIgniter\Boot::bootWeb()
DEBUG - 2025-12-17 11:57:40 --> Session: Class initialized using 'CodeIgniter\Session\Handlers\FileHandler' driver.
CRITICAL - 2025-12-17 11:57:40 --> Error: Call to undefined function validation_list_errors()
[Method: GET, Route: frontend/news/elvis-sighteds]
in APPPATH/Views/backend/news/create.php on line 6.
 1 SYSTEMPATH/View/View.php(224): include()
 2 SYSTEMPATH/View/View.php(227): CodeIgniter\View\View->{closure:CodeIgniter\View\View::render():221}()
 3 SYSTEMPATH/Common.php(1173): CodeIgniter\View\View->render()
 4 APPPATH/Controllers/NewsController.php(42): view()
 5 SYSTEMPATH/CodeIgniter.php(933): App\Controllers\NewsController->show()
 6 SYSTEMPATH/CodeIgniter.php(507): CodeIgniter\CodeIgniter->runController()
 7 SYSTEMPATH/CodeIgniter.php(354): CodeIgniter\CodeIgniter->handleRequest()
 8 SYSTEMPATH/Boot.php(334): CodeIgniter\CodeIgniter->run()
 9 SYSTEMPATH/Boot.php(67): CodeIgniter\Boot::runCodeIgniter()
10 FCPATH/index.php(56): CodeIgniter\Boot::bootWeb()
