ERROR - 2025-12-22 08:07:57 --> mysqli_sql_exception: Unknown column 'eventos.*ciudades.ciudad' in 'field list' in /var/www/html/clementeJesus/system/Database/MySQLi/Connection.php:327
Stack trace:
#0 /var/www/html/clementeJesus/system/Database/MySQLi/Connection.php(327): mysqli->query()
#1 /var/www/html/clementeJesus/system/Database/BaseConnection.php(729): CodeIgniter\Database\MySQLi\Connection->execute()
#2 /var/www/html/clementeJesus/system/Database/BaseConnection.php(646): CodeIgniter\Database\BaseConnection->simpleQuery()
#3 /var/www/html/clementeJesus/system/Database/BaseBuilder.php(1649): CodeIgniter\Database\BaseConnection->query()
#4 /var/www/html/clementeJesus/system/Model.php(330): CodeIgniter\Database\BaseBuilder->get()
#5 /var/www/html/clementeJesus/system/BaseModel.php(715): CodeIgniter\Model->doFirst()
#6 /var/www/html/clementeJesus/app/Models/EventosModel.php(28): CodeIgniter\BaseModel->first()
#7 /var/www/html/clementeJesus/app/Controllers/EventosController.php(31): App\Models\EventosModel->getEventos()
#8 /var/www/html/clementeJesus/system/CodeIgniter.php(933): App\Controllers\EventosController->show()
#9 /var/www/html/clementeJesus/system/CodeIgniter.php(507): CodeIgniter\CodeIgniter->runController()
#10 /var/www/html/clementeJesus/system/CodeIgniter.php(354): CodeIgniter\CodeIgniter->handleRequest()
#11 /var/www/html/clementeJesus/system/Boot.php(363): CodeIgniter\CodeIgniter->run()
#12 /var/www/html/clementeJesus/system/Boot.php(68): CodeIgniter\Boot::runCodeIgniter()
#13 /var/www/html/clementeJesus/public/index.php(59): CodeIgniter\Boot::bootWeb()
#14 {main}
CRITICAL - 2025-12-22 08:07:57 --> CodeIgniter\Database\Exceptions\DatabaseException: Unknown column 'eventos.*ciudades.ciudad' in 'field list'
[Method: GET, Route: eventos/1]
in SYSTEMPATH/Database/BaseConnection.php on line 684.
 1 SYSTEMPATH/Database/BaseBuilder.php(1649): CodeIgniter\Database\BaseConnection->query()
 2 SYSTEMPATH/Model.php(330): CodeIgniter\Database\BaseBuilder->get()
 3 SYSTEMPATH/BaseModel.php(715): CodeIgniter\Model->doFirst()
 4 APPPATH/Models/EventosModel.php(28): CodeIgniter\BaseModel->first()
 5 APPPATH/Controllers/EventosController.php(31): App\Models\EventosModel->getEventos()
 6 SYSTEMPATH/CodeIgniter.php(933): App\Controllers\EventosController->show()
 7 SYSTEMPATH/CodeIgniter.php(507): CodeIgniter\CodeIgniter->runController()
 8 SYSTEMPATH/CodeIgniter.php(354): CodeIgniter\CodeIgniter->handleRequest()
 9 SYSTEMPATH/Boot.php(363): CodeIgniter\CodeIgniter->run()
10 SYSTEMPATH/Boot.php(68): CodeIgniter\Boot::runCodeIgniter()
11 FCPATH/index.php(59): CodeIgniter\Boot::bootWeb()
CRITICAL - 2025-12-22 08:07:57 --> [Caused by] CodeIgniter\Database\Exceptions\DatabaseException: Unknown column 'eventos.*ciudades.ciudad' in 'field list'
in SYSTEMPATH/Database/MySQLi/Connection.php on line 332.
 1 SYSTEMPATH/Database/BaseConnection.php(729): CodeIgniter\Database\MySQLi\Connection->execute()
 2 SYSTEMPATH/Database/BaseConnection.php(646): CodeIgniter\Database\BaseConnection->simpleQuery()
 3 SYSTEMPATH/Database/BaseBuilder.php(1649): CodeIgniter\Database\BaseConnection->query()
 4 SYSTEMPATH/Model.php(330): CodeIgniter\Database\BaseBuilder->get()
 5 SYSTEMPATH/BaseModel.php(715): CodeIgniter\Model->doFirst()
 6 APPPATH/Models/EventosModel.php(28): CodeIgniter\BaseModel->first()
 7 APPPATH/Controllers/EventosController.php(31): App\Models\EventosModel->getEventos()
 8 SYSTEMPATH/CodeIgniter.php(933): App\Controllers\EventosController->show()
 9 SYSTEMPATH/CodeIgniter.php(507): CodeIgniter\CodeIgniter->runController()
10 SYSTEMPATH/CodeIgniter.php(354): CodeIgniter\CodeIgniter->handleRequest()
11 SYSTEMPATH/Boot.php(363): CodeIgniter\CodeIgniter->run()
12 SYSTEMPATH/Boot.php(68): CodeIgniter\Boot::runCodeIgniter()
13 FCPATH/index.php(59): CodeIgniter\Boot::bootWeb()
CRITICAL - 2025-12-22 08:07:57 --> [Caused by] mysqli_sql_exception: Unknown column 'eventos.*ciudades.ciudad' in 'field list'
in SYSTEMPATH/Database/MySQLi/Connection.php on line 327.
 1 SYSTEMPATH/Database/MySQLi/Connection.php(327): mysqli->query()
 2 SYSTEMPATH/Database/BaseConnection.php(729): CodeIgniter\Database\MySQLi\Connection->execute()
 3 SYSTEMPATH/Database/BaseConnection.php(646): CodeIgniter\Database\BaseConnection->simpleQuery()
 4 SYSTEMPATH/Database/BaseBuilder.php(1649): CodeIgniter\Database\BaseConnection->query()
 5 SYSTEMPATH/Model.php(330): CodeIgniter\Database\BaseBuilder->get()
 6 SYSTEMPATH/BaseModel.php(715): CodeIgniter\Model->doFirst()
 7 APPPATH/Models/EventosModel.php(28): CodeIgniter\BaseModel->first()
 8 APPPATH/Controllers/EventosController.php(31): App\Models\EventosModel->getEventos()
 9 SYSTEMPATH/CodeIgniter.php(933): App\Controllers\EventosController->show()
10 SYSTEMPATH/CodeIgniter.php(507): CodeIgniter\CodeIgniter->runController()
11 SYSTEMPATH/CodeIgniter.php(354): CodeIgniter\CodeIgniter->handleRequest()
12 SYSTEMPATH/Boot.php(363): CodeIgniter\CodeIgniter->run()
13 SYSTEMPATH/Boot.php(68): CodeIgniter\Boot::runCodeIgniter()
14 FCPATH/index.php(59): CodeIgniter\Boot::bootWeb()
ERROR - 2025-12-22 08:09:54 --> mysqli_sql_exception: Unknown column 'eventos.*ciudades.ciudad' in 'field list' in /var/www/html/clementeJesus/system/Database/MySQLi/Connection.php:327
Stack trace:
#0 /var/www/html/clementeJesus/system/Database/MySQLi/Connection.php(327): mysqli->query()
#1 /var/www/html/clementeJesus/system/Database/BaseConnection.php(729): CodeIgniter\Database\MySQLi\Connection->execute()
#2 /var/www/html/clementeJesus/system/Database/BaseConnection.php(646): CodeIgniter\Database\BaseConnection->simpleQuery()
#3 /var/www/html/clementeJesus/system/Database/BaseBuilder.php(1649): CodeIgniter\Database\BaseConnection->query()
#4 /var/www/html/clementeJesus/system/Model.php(330): CodeIgniter\Database\BaseBuilder->get()
#5 /var/www/html/clementeJesus/system/BaseModel.php(715): CodeIgniter\Model->doFirst()
#6 /var/www/html/clementeJesus/app/Models/EventosModel.php(28): CodeIgniter\BaseModel->first()
#7 /var/www/html/clementeJesus/app/Controllers/EventosController.php(31): App\Models\EventosModel->getEventos()
#8 /var/www/html/clementeJesus/system/CodeIgniter.php(933): App\Controllers\EventosController->show()
#9 /var/www/html/clementeJesus/system/CodeIgniter.php(507): CodeIgniter\CodeIgniter->runController()
#10 /var/www/html/clementeJesus/system/CodeIgniter.php(354): CodeIgniter\CodeIgniter->handleRequest()
#11 /var/www/html/clementeJesus/system/Boot.php(363): CodeIgniter\CodeIgniter->run()
#12 /var/www/html/clementeJesus/system/Boot.php(68): CodeIgniter\Boot::runCodeIgniter()
#13 /var/www/html/clementeJesus/public/index.php(59): CodeIgniter\Boot::bootWeb()
#14 {main}
CRITICAL - 2025-12-22 08:09:54 --> CodeIgniter\Database\Exceptions\DatabaseException: Unknown column 'eventos.*ciudades.ciudad' in 'field list'
[Method: GET, Route: eventos/1]
in SYSTEMPATH/Database/BaseConnection.php on line 684.
 1 SYSTEMPATH/Database/BaseBuilder.php(1649): CodeIgniter\Database\BaseConnection->query()
 2 SYSTEMPATH/Model.php(330): CodeIgniter\Database\BaseBuilder->get()
 3 SYSTEMPATH/BaseModel.php(715): CodeIgniter\Model->doFirst()
 4 APPPATH/Models/EventosModel.php(28): CodeIgniter\BaseModel->first()
 5 APPPATH/Controllers/EventosController.php(31): App\Models\EventosModel->getEventos()
 6 SYSTEMPATH/CodeIgniter.php(933): App\Controllers\EventosController->show()
 7 SYSTEMPATH/CodeIgniter.php(507): CodeIgniter\CodeIgniter->runController()
 8 SYSTEMPATH/CodeIgniter.php(354): CodeIgniter\CodeIgniter->handleRequest()
 9 SYSTEMPATH/Boot.php(363): CodeIgniter\CodeIgniter->run()
10 SYSTEMPATH/Boot.php(68): CodeIgniter\Boot::runCodeIgniter()
11 FCPATH/index.php(59): CodeIgniter\Boot::bootWeb()
CRITICAL - 2025-12-22 08:09:54 --> [Caused by] CodeIgniter\Database\Exceptions\DatabaseException: Unknown column 'eventos.*ciudades.ciudad' in 'field list'
in SYSTEMPATH/Database/MySQLi/Connection.php on line 332.
 1 SYSTEMPATH/Database/BaseConnection.php(729): CodeIgniter\Database\MySQLi\Connection->execute()
 2 SYSTEMPATH/Database/BaseConnection.php(646): CodeIgniter\Database\BaseConnection->simpleQuery()
 3 SYSTEMPATH/Database/BaseBuilder.php(1649): CodeIgniter\Database\BaseConnection->query()
 4 SYSTEMPATH/Model.php(330): CodeIgniter\Database\BaseBuilder->get()
 5 SYSTEMPATH/BaseModel.php(715): CodeIgniter\Model->doFirst()
 6 APPPATH/Models/EventosModel.php(28): CodeIgniter\BaseModel->first()
 7 APPPATH/Controllers/EventosController.php(31): App\Models\EventosModel->getEventos()
 8 SYSTEMPATH/CodeIgniter.php(933): App\Controllers\EventosController->show()
 9 SYSTEMPATH/CodeIgniter.php(507): CodeIgniter\CodeIgniter->runController()
10 SYSTEMPATH/CodeIgniter.php(354): CodeIgniter\CodeIgniter->handleRequest()
11 SYSTEMPATH/Boot.php(363): CodeIgniter\CodeIgniter->run()
12 SYSTEMPATH/Boot.php(68): CodeIgniter\Boot::runCodeIgniter()
13 FCPATH/index.php(59): CodeIgniter\Boot::bootWeb()
CRITICAL - 2025-12-22 08:09:54 --> [Caused by] mysqli_sql_exception: Unknown column 'eventos.*ciudades.ciudad' in 'field list'
in SYSTEMPATH/Database/MySQLi/Connection.php on line 327.
 1 SYSTEMPATH/Database/MySQLi/Connection.php(327): mysqli->query()
 2 SYSTEMPATH/Database/BaseConnection.php(729): CodeIgniter\Database\MySQLi\Connection->execute()
 3 SYSTEMPATH/Database/BaseConnection.php(646): CodeIgniter\Database\BaseConnection->simpleQuery()
 4 SYSTEMPATH/Database/BaseBuilder.php(1649): CodeIgniter\Database\BaseConnection->query()
 5 SYSTEMPATH/Model.php(330): CodeIgniter\Database\BaseBuilder->get()
 6 SYSTEMPATH/BaseModel.php(715): CodeIgniter\Model->doFirst()
 7 APPPATH/Models/EventosModel.php(28): CodeIgniter\BaseModel->first()
 8 APPPATH/Controllers/EventosController.php(31): App\Models\EventosModel->getEventos()
 9 SYSTEMPATH/CodeIgniter.php(933): App\Controllers\EventosController->show()
10 SYSTEMPATH/CodeIgniter.php(507): CodeIgniter\CodeIgniter->runController()
11 SYSTEMPATH/CodeIgniter.php(354): CodeIgniter\CodeIgniter->handleRequest()
12 SYSTEMPATH/Boot.php(363): CodeIgniter\CodeIgniter->run()
13 SYSTEMPATH/Boot.php(68): CodeIgniter\Boot::runCodeIgniter()
14 FCPATH/index.php(59): CodeIgniter\Boot::bootWeb()
CRITICAL - 2025-12-22 08:11:11 --> ErrorException: Undefined variable $eventos_list
[Method: GET, Route: eventos/1]
in APPPATH/Views/eventos/view.php on line 2.
 1 APPPATH/Views/eventos/view.php(2): CodeIgniter\Debug\Exceptions->errorHandler()
 2 SYSTEMPATH/View/View.php(226): include('/var/www/html/clementeJesus/app/Views/eventos/view.php')
 3 SYSTEMPATH/View/View.php(229): CodeIgniter\View\View->{closure:CodeIgniter\View\View::render():223}()
 4 SYSTEMPATH/Common.php(1199): CodeIgniter\View\View->render()
 5 APPPATH/Controllers/EventosController.php(40): view()
 6 SYSTEMPATH/CodeIgniter.php(933): App\Controllers\EventosController->show()
 7 SYSTEMPATH/CodeIgniter.php(507): CodeIgniter\CodeIgniter->runController()
 8 SYSTEMPATH/CodeIgniter.php(354): CodeIgniter\CodeIgniter->handleRequest()
 9 SYSTEMPATH/Boot.php(363): CodeIgniter\CodeIgniter->run()
10 SYSTEMPATH/Boot.php(68): CodeIgniter\Boot::runCodeIgniter()
11 FCPATH/index.php(59): CodeIgniter\Boot::bootWeb()
CRITICAL - 2025-12-22 08:12:48 --> ErrorException: Undefined variable $eventos_list
[Method: GET, Route: eventos/1]
in APPPATH/Views/eventos/view.php on line 3.
 1 APPPATH/Views/eventos/view.php(3): CodeIgniter\Debug\Exceptions->errorHandler()
 2 SYSTEMPATH/View/View.php(226): include('/var/www/html/clementeJesus/app/Views/eventos/view.php')
 3 SYSTEMPATH/View/View.php(229): CodeIgniter\View\View->{closure:CodeIgniter\View\View::render():223}()
 4 SYSTEMPATH/Common.php(1199): CodeIgniter\View\View->render()
 5 APPPATH/Controllers/EventosController.php(40): view()
 6 SYSTEMPATH/CodeIgniter.php(933): App\Controllers\EventosController->show()
 7 SYSTEMPATH/CodeIgniter.php(507): CodeIgniter\CodeIgniter->runController()
 8 SYSTEMPATH/CodeIgniter.php(354): CodeIgniter\CodeIgniter->handleRequest()
 9 SYSTEMPATH/Boot.php(363): CodeIgniter\CodeIgniter->run()
10 SYSTEMPATH/Boot.php(68): CodeIgniter\Boot::runCodeIgniter()
11 FCPATH/index.php(59): CodeIgniter\Boot::bootWeb()
CRITICAL - 2025-12-22 08:13:14 --> ErrorException: Undefined variable $eventos_list
[Method: GET, Route: eventos/1]
in APPPATH/Views/eventos/view.php on line 8.
 1 APPPATH/Views/eventos/view.php(8): CodeIgniter\Debug\Exceptions->errorHandler()
 2 SYSTEMPATH/View/View.php(226): include('/var/www/html/clementeJesus/app/Views/eventos/view.php')
 3 SYSTEMPATH/View/View.php(229): CodeIgniter\View\View->{closure:CodeIgniter\View\View::render():223}()
 4 SYSTEMPATH/Common.php(1199): CodeIgniter\View\View->render()
 5 APPPATH/Controllers/EventosController.php(40): view()
 6 SYSTEMPATH/CodeIgniter.php(933): App\Controllers\EventosController->show()
 7 SYSTEMPATH/CodeIgniter.php(507): CodeIgniter\CodeIgniter->runController()
 8 SYSTEMPATH/CodeIgniter.php(354): CodeIgniter\CodeIgniter->handleRequest()
 9 SYSTEMPATH/Boot.php(363): CodeIgniter\CodeIgniter->run()
10 SYSTEMPATH/Boot.php(68): CodeIgniter\Boot::runCodeIgniter()
11 FCPATH/index.php(59): CodeIgniter\Boot::bootWeb()
